<?xml version="1.0" encoding="UTF-8"?>
<coverage generated="1672680837210" clover="3.2.0">
  <project timestamp="1672680837210" name="All files">
    <metrics statements="18" coveredstatements="8" conditionals="10" coveredconditionals="0" methods="3" coveredmethods="1" elements="31" coveredelements="9" complexity="0" loc="18" ncloc="18" packages="1" files="3" classes="3"/>
    <file name="createItem.js" path="/home/thamyris/Documentos/trybe/trybe-exercicios/fundamentos/Secao-07-Introducao-JavaScript-ES6-e-Testes-Unitarios/Dia-03-matchers-e-cobertura-de-codigo/fixacao-testes/createItem.js">
      <metrics statements="9" coveredstatements="2" conditionals="6" coveredconditionals="0" methods="1" coveredmethods="0"/>
      <line num="1" count="1" type="stmt"/>
      <line num="2" count="0" type="cond" truecount="0" falsecount="2"/>
      <line num="3" count="0" type="stmt"/>
      <line num="5" count="0" type="cond" truecount="0" falsecount="2"/>
      <line num="6" count="0" type="stmt"/>
      <line num="8" count="0" type="cond" truecount="0" falsecount="2"/>
      <line num="9" count="0" type="stmt"/>
      <line num="11" count="0" type="stmt"/>
      <line num="18" count="1" type="stmt"/>
    </file>
    <file name="exercicio2.js" path="/home/thamyris/Documentos/trybe/trybe-exercicios/fundamentos/Secao-07-Introducao-JavaScript-ES6-e-Testes-Unitarios/Dia-03-matchers-e-cobertura-de-codigo/fixacao-testes/exercicio2.js">
      <metrics statements="5" coveredstatements="5" conditionals="0" coveredconditionals="0" methods="1" coveredmethods="1"/>
      <line num="2" count="1" type="stmt"/>
      <line num="8" count="1" type="stmt"/>
      <line num="9" count="3" type="stmt"/>
      <line num="12" count="1" type="stmt"/>
      <line num="14" count="1" type="stmt"/>
    </file>
    <file name="sum.js" path="/home/thamyris/Documentos/trybe/trybe-exercicios/fundamentos/Secao-07-Introducao-JavaScript-ES6-e-Testes-Unitarios/Dia-03-matchers-e-cobertura-de-codigo/fixacao-testes/sum.js">
      <metrics statements="4" coveredstatements="1" conditionals="4" coveredconditionals="0" methods="1" coveredmethods="0"/>
      <line num="2" count="0" type="cond" truecount="0" falsecount="4"/>
      <line num="3" count="0" type="stmt"/>
      <line num="6" count="0" type="stmt"/>
      <line num="9" count="1" type="stmt"/>
    </file>
  </project>
</coverage>
