{"/home/thamyris/Documentos/trybe/trybe-exercicios/fundamentos/Secao-07-Introducao-JavaScript-ES6-e-Testes-Unitarios/Dia-03-matchers-e-cobertura-de-codigo/fixacao-testes/createItem.js": {"path":"/home/thamyris/Documentos/trybe/trybe-exercicios/fundamentos/Secao-07-Introducao-JavaScript-ES6-e-Testes-Unitarios/Dia-03-matchers-e-cobertura-de-codigo/fixacao-testes/createItem.js","statementMap":{"0":{"start":{"line":1,"column":19},"end":{"line":17,"column":1}},"1":{"start":{"line":2,"column":2},"end":{"line":4,"column":3}},"2":{"start":{"line":3,"column":4},"end":{"line":3,"column":58}},"3":{"start":{"line":5,"column":2},"end":{"line":7,"column":3}},"4":{"start":{"line":6,"column":4},"end":{"line":6,"column":63}},"5":{"start":{"line":8,"column":2},"end":{"line":10,"column":3}},"6":{"start":{"line":9,"column":4},"end":{"line":9,"column":17}},"7":{"start":{"line":11,"column":2},"end":{"line":16,"column":4}},"8":{"start":{"line":18,"column":0},"end":{"line":18,"column":28}}},"fnMap":{"0":{"name":"(anonymous_0)","decl":{"start":{"line":1,"column":19},"end":{"line":1,"column":20}},"loc":{"start":{"line":1,"column":52},"end":{"line":17,"column":1}},"line":1}},"branchMap":{"0":{"loc":{"start":{"line":2,"column":2},"end":{"line":4,"column":3}},"type":"if","locations":[{"start":{"line":2,"column":2},"end":{"line":4,"column":3}},{"start":{},"end":{}}],"line":2},"1":{"loc":{"start":{"line":5,"column":2},"end":{"line":7,"column":3}},"type":"if","locations":[{"start":{"line":5,"column":2},"end":{"line":7,"column":3}},{"start":{},"end":{}}],"line":5},"2":{"loc":{"start":{"line":8,"column":2},"end":{"line":10,"column":3}},"type":"if","locations":[{"start":{"line":8,"column":2},"end":{"line":10,"column":3}},{"start":{},"end":{}}],"line":8}},"s":{"0":1,"1":0,"2":0,"3":0,"4":0,"5":0,"6":0,"7":0,"8":1},"f":{"0":0},"b":{"0":[0,0],"1":[0,0],"2":[0,0]},"_coverageSchema":"1a1c01bbd47fc00a2c39e90264f33305004495a9","hash":"9c2e10dbdd48c66d798b0d2e7772d3f37d3bb91d"}
,"/home/thamyris/Documentos/trybe/trybe-exercicios/fundamentos/Secao-07-Introducao-JavaScript-ES6-e-Testes-Unitarios/Dia-03-matchers-e-cobertura-de-codigo/fixacao-testes/exercicio2.js": {"path":"/home/thamyris/Documentos/trybe/trybe-exercicios/fundamentos/Secao-07-Introducao-JavaScript-ES6-e-Testes-Unitarios/Dia-03-matchers-e-cobertura-de-codigo/fixacao-testes/exercicio2.js","statementMap":{"0":{"start":{"line":2,"column":11},"end":{"line":6,"column":1}},"1":{"start":{"line":8,"column":21},"end":{"line":10,"column":1}},"2":{"start":{"line":9,"column":2},"end":{"line":9,"column":52}},"3":{"start":{"line":12,"column":0},"end":{"line":12,"column":32}},"4":{"start":{"line":14,"column":0},"end":{"line":14,"column":40}}},"fnMap":{"0":{"name":"(anonymous_0)","decl":{"start":{"line":8,"column":21},"end":{"line":8,"column":22}},"loc":{"start":{"line":8,"column":40},"end":{"line":10,"column":1}},"line":8}},"branchMap":{},"s":{"0":1,"1":1,"2":3,"3":1,"4":1},"f":{"0":3},"b":{},"_coverageSchema":"1a1c01bbd47fc00a2c39e90264f33305004495a9","hash":"24b7bbdf27e7eb9b8071338fede7f20b8080b029"}
,"/home/thamyris/Documentos/trybe/trybe-exercicios/fundamentos/Secao-07-Introducao-JavaScript-ES6-e-Testes-Unitarios/Dia-03-matchers-e-cobertura-de-codigo/fixacao-testes/sum.js": {"path":"/home/thamyris/Documentos/trybe/trybe-exercicios/fundamentos/Secao-07-Introducao-JavaScript-ES6-e-Testes-Unitarios/Dia-03-matchers-e-cobertura-de-codigo/fixacao-testes/sum.js","statementMap":{"0":{"start":{"line":2,"column":2},"end":{"line":4,"column":3}},"1":{"start":{"line":3,"column":4},"end":{"line":3,"column":50}},"2":{"start":{"line":6,"column":2},"end":{"line":6,"column":15}},"3":{"start":{"line":9,"column":0},"end":{"line":9,"column":21}}},"fnMap":{"0":{"name":"sum","decl":{"start":{"line":1,"column":9},"end":{"line":1,"column":12}},"loc":{"start":{"line":1,"column":19},"end":{"line":7,"column":1}},"line":1}},"branchMap":{"0":{"loc":{"start":{"line":2,"column":2},"end":{"line":4,"column":3}},"type":"if","locations":[{"start":{"line":2,"column":2},"end":{"line":4,"column":3}},{"start":{},"end":{}}],"line":2},"1":{"loc":{"start":{"line":2,"column":6},"end":{"line":2,"column":52}},"type":"binary-expr","locations":[{"start":{"line":2,"column":6},"end":{"line":2,"column":27}},{"start":{"line":2,"column":31},"end":{"line":2,"column":52}}],"line":2}},"s":{"0":0,"1":0,"2":0,"3":1},"f":{"0":0},"b":{"0":[0,0],"1":[0,0]},"_coverageSchema":"1a1c01bbd47fc00a2c39e90264f33305004495a9","hash":"99f8a1c554e974b35574d3a77ce11e472ba4df18"}
}
