TN:
SF:exercicio.js
FN:1,myRemove
FNF:1
FNH:0
FNDA:0,myRemove
DA:2,0
DA:3,0
DA:4,0
DA:5,0
DA:8,0
DA:11,1
LF:6
LH:1
BRDA:4,0,0,0
BRDA:4,0,1,0
BRF:2
BRH:0
end_of_record
TN:
SF:exercicio2.js
FN:8,(anonymous_0)
FNF:1
FNH:1
FNDA:1,(anonymous_0)
DA:2,1
DA:8,1
DA:9,1
DA:12,1
DA:14,1
LF:5
LH:5
BRF:0
BRH:0
end_of_record
TN:
SF:exercicio3.js
FN:1,myFizzBuzz
FNF:1
FNH:0
FNDA:0,myFizzBuzz
DA:2,0
DA:3,0
DA:4,0
DA:5,0
DA:6,0
DA:10,1
LF:6
LH:1
BRDA:2,0,0,0
BRDA:2,0,1,0
BRDA:3,1,0,0
BRDA:3,1,1,0
BRDA:3,2,0,0
BRDA:3,2,1,0
BRDA:4,3,0,0
BRDA:4,3,1,0
BRDA:5,4,0,0
BRDA:5,4,1,0
BRF:10
BRH:0
end_of_record
TN:
SF:exercicio4.js
FN:1,(anonymous_0)
FN:16,(anonymous_1)
FN:26,(anonymous_2)
FNF:3
FNH:0
FNDA:0,(anonymous_0)
FNDA:0,(anonymous_1)
FNDA:0,(anonymous_2)
DA:1,1
DA:2,0
DA:3,0
DA:4,0
DA:5,0
DA:6,0
DA:8,0
DA:9,0
DA:11,0
DA:14,0
DA:16,1
DA:17,0
DA:24,0
DA:26,1
DA:27,0
DA:34,0
DA:37,1
LF:17
LH:4
BRDA:8,0,0,0
BRDA:8,0,1,0
BRF:2
BRH:0
end_of_record
TN:
SF:exercicio5.js
FN:1,(anonymous_0)
FNF:1
FNH:0
FNDA:0,(anonymous_0)
DA:1,1
DA:2,0
DA:3,0
DA:5,0
DA:6,0
DA:7,0
DA:8,0
DA:9,0
DA:12,0
DA:13,0
DA:15,1
LF:11
LH:2
BRDA:2,0,0,0
BRDA:2,0,1,0
BRDA:8,1,0,0
BRDA:8,1,1,0
BRF:4
BRH:0
end_of_record
TN:
SF:exercicio6.js
FN:1,(anonymous_0)
FNF:1
FNH:0
FNDA:0,(anonymous_0)
DA:1,1
DA:2,0
DA:3,0
DA:5,0
DA:6,0
DA:7,0
DA:8,0
DA:12,0
DA:13,0
DA:14,0
DA:17,0
DA:20,1
LF:12
LH:2
BRDA:7,0,0,0
BRDA:7,0,1,0
BRDA:13,1,0,0
BRDA:13,1,1,0
BRF:4
BRH:0
end_of_record
TN:
SF:loginValidation.js
FN:2,(anonymous_0)
FN:6,(anonymous_1)
FN:16,(anonymous_2)
FNF:3
FNH:0
FNDA:0,(anonymous_0)
FNDA:0,(anonymous_1)
FNDA:0,(anonymous_2)
DA:2,1
DA:3,0
DA:6,1
DA:7,0
DA:11,1
DA:16,1
DA:17,0
DA:18,0
DA:20,0
DA:24,1
DA:26,1
LF:11
LH:6
BRDA:17,0,0,0
BRDA:17,0,1,0
BRDA:17,1,0,0
BRDA:17,1,1,0
BRF:4
BRH:0
end_of_record
